{"level":30,"time":"2025-09-13T17:28:07.121Z","msg":"[startup_config] Set Windows Application User Model ID (AUMID) {\"AUMID\":\"org.whispersystems.signal-desktop\"}"}
{"level":30,"time":"2025-09-13T17:28:07.133Z","msg":"[base_config] config/start: Did not find user config file (or it was empty), cache is now empty object"}
{"level":30,"time":"2025-09-13T17:28:07.189Z","msg":"[base_config] config/start: Did not find ephemeral config file (or it was empty), cache is now empty object"}
{"level":30,"time":"2025-09-13T17:28:07.228Z","msg":"[app/main] making app single instance"}
{"level":30,"time":"2025-09-13T17:28:07.510Z","msg":"[base_config] config/set: Saving ephemeral config to disk"}
{"level":30,"time":"2025-09-13T17:28:07.519Z","msg":"[base_config] config/set: Saved ephemeral config to disk"}
{"level":30,"time":"2025-09-13T17:28:07.519Z","msg":"[app/main] initializing localeOverride setting null"}
{"level":30,"time":"2025-09-13T17:28:07.519Z","msg":"[app/main] app.ready: hour cycle preference: UnknownPreference"}
{"level":30,"time":"2025-09-13T17:28:07.519Z","msg":"[app/main] app.ready: preferred system locales: [\"en-US\",\"en\"]"}
{"level":30,"time":"2025-09-13T17:28:07.519Z","msg":"[app/main] locale: Supported locales: af-ZA, ar, az-AZ, bg-BG, bn-BD, bs-BA, ca, cs, da, de, el, en, es, et-EE, eu, fa-IR, fi, fr, ga-IE, gl-ES, gu-IN, he, hi-IN, hr-HR, hu, id, it, ja, ka-GE, kk-KZ, km-KH, kn-IN, ko, ky-KG, lt-LT, lv-LV, mk-MK, ml-IN, mr-IN, ms, my, nb, nl, pa-IN, pl, pt-BR, pt-PT, ro-RO, ru, sk-SK, sl-SI, sq-AL, sr, sv, sw, ta-IN, te-IN, th, tl-PH, tr, ug, uk-UA, ur, vi, yue, zh-CN, zh-HK, zh-Hant"}
{"level":30,"time":"2025-09-13T17:28:07.519Z","msg":"[app/main] locale: Preferred locales: en-US, en"}
{"level":30,"time":"2025-09-13T17:28:07.519Z","msg":"[app/main] locale: Locale Override: null"}
{"level":30,"time":"2025-09-13T17:28:07.521Z","msg":"[app/main] locale: Matched locale: en"}
{"level":40,"time":"2025-09-13T17:28:07.545Z","msg":"[setupI18nMain] intl.onWarn [@formatjs/intl] \"defaultRichTextElements\" was specified but \"message\" was not pre-compiled. \nPlease consider using \"@formatjs/cli\" to pre-compile your messages for performance.\nFor more details see https://formatjs.github.io/docs/getting-started/message-distribution"}
{"level":30,"time":"2025-09-13T17:28:07.545Z","msg":"[app/main] locale: Text info direction for en: ltr"}
{"level":40,"time":"2025-09-13T17:28:07.545Z","msg":"[app/main] getSQLKey: got key from config, but it wasn't a string"}
{"level":30,"time":"2025-09-13T17:28:07.545Z","msg":"[app/main] key/initialize: Generating new encryption key, since we did not find it on disk"}
{"level":30,"time":"2025-09-13T17:28:07.546Z","msg":"[app/main] getSQLKey: updating plaintext key in the config"}
{"level":30,"time":"2025-09-13T17:28:07.546Z","msg":"[base_config] config/set: Saving user config to disk"}
{"level":30,"time":"2025-09-13T17:28:07.553Z","msg":"[base_config] config/set: Saved user config to disk"}
{"level":30,"time":"2025-09-13T17:28:07.553Z","msg":"[SystemTraySettingCache] getSystemTraySetting got no value, returning Uninitialized"}
{"level":30,"time":"2025-09-13T17:28:07.553Z","msg":"[base_config] config/set: Saving ephemeral config to disk"}
{"level":30,"time":"2025-09-13T17:28:07.562Z","msg":"[base_config] config/set: Saved ephemeral config to disk"}
{"level":30,"time":"2025-09-13T17:28:07.562Z","msg":"[app/main] app.ready: setting system-tray-setting to DoNotUseSystemTray"}
{"level":30,"time":"2025-09-13T17:28:07.562Z","msg":"[base_config] config/set: Saving ephemeral config to disk"}
{"level":30,"time":"2025-09-13T17:28:07.572Z","msg":"[base_config] config/set: Saved ephemeral config to disk"}
{"level":30,"time":"2025-09-13T17:28:07.573Z","msg":"[app/main] app ready"}
{"level":30,"time":"2025-09-13T17:28:07.573Z","msg":"[app/main] starting version 7.70.0"}
{"level":30,"time":"2025-09-13T17:28:07.573Z","msg":"[app/main] media access status [object Undefined] [object Undefined] [object Undefined]"}
{"level":30,"time":"2025-09-13T17:28:07.584Z","msg":"[base_config] config/set: Saving ephemeral config to disk"}
{"level":30,"time":"2025-09-13T17:28:07.590Z","msg":"[base_config] config/set: Saved ephemeral config to disk"}
{"level":30,"time":"2025-09-13T17:28:07.590Z","msg":"[app/main] initializing spellcheck setting true"}
{"level":30,"time":"2025-09-13T17:28:07.591Z","msg":"[base_config] config/set: Saving ephemeral config to disk"}
{"level":30,"time":"2025-09-13T17:28:07.597Z","msg":"[base_config] config/set: Saved ephemeral config to disk"}
{"level":30,"time":"2025-09-13T17:28:07.597Z","msg":"[app/main] saving theme-setting value system"}
{"level":30,"time":"2025-09-13T17:28:07.597Z","msg":"[app/main] got fast spellcheck setting true"}
{"level":30,"time":"2025-09-13T17:28:07.597Z","msg":"[app/main] Initializing BrowserWindow config: {\"show\":false,\"width\":800,\"height\":610,\"minWidth\":300,\"minHeight\":200,\"autoHideMenuBar\":false,\"titleBarStyle\":\"default\",\"backgroundColor\":\"#121212\",\"webPreferences\":{\"devTools\":false,\"spellcheck\":true,\"enablePreferredSizeMode\":true,\"nodeIntegration\":false,\"nodeIntegrationInWorker\":false,\"sandbox\":false,\"contextIsolation\":true,\"preload\":\"[REDACTED]/preload.wrapper.js\"},\"icon\":\"[REDACTED]/images/signal-logo-desktop-linux.png\"}"}
{"level":30,"time":"2025-09-13T17:28:07.639Z","msg":"[spell_check] spellcheck: user locales: [\"en-US\",\"en\"]"}
{"level":30,"time":"2025-09-13T17:28:07.639Z","msg":"[spell_check] spellcheck: available spellchecker languages: [\"af\",\"bg\",\"ca\",\"cs\",\"cy\",\"da\",\"de\",\"de-DE\",\"el\",\"en\",\"en-AU\",\"en-CA\",\"en-GB\",\"en-GB-oxendict\",\"en-US\",\"es\",\"es-419\",\"es-AR\",\"es-ES\",\"es-MX\",\"es-US\",\"et\",\"fa\",\"fo\",\"fr\",\"fr-FR\",\"he\",\"hi\",\"hr\",\"hu\",\"hy\",\"id\",\"it\",\"it-IT\",\"ko\",\"lt\",\"lv\",\"nb\",\"nl\",\"pl\",\"pt\",\"pt-BR\",\"pt-PT\",\"ro\",\"ru\",\"sh\",\"sk\",\"sl\",\"sq\",\"sr\",\"sv\",\"ta\",\"tg\",\"tr\",\"uk\",\"vi\"]"}
{"level":30,"time":"2025-09-13T17:28:07.639Z","msg":"[spell_check] spellcheck: setting languages to: [\"en-US\",\"en\"]"}
{"level":30,"time":"2025-09-13T17:28:07.641Z","msg":"[app/main] spellcheck: dictionary download begin: en"}
{"level":30,"time":"2025-09-13T17:28:07.641Z","msg":"[app/main] spellcheck: dictionary download begin: en-US"}
{"level":30,"time":"2025-09-13T17:28:07.649Z","msg":"[app/main] MainSQL: migrateSchemaVersion: Migrating from schema_version 0 to user_version 0"}
{"level":30,"time":"2025-09-13T17:28:07.670Z","msg":"[app/main] MainSQL: updateSchema:\n  Current user_version: 0;\n  Most recent db schema: 1440;\n  SQLite version: 3.50.4;\n  SQLCipher version: 4.10.0 community;\n  (deprecated) schema_version: 0;\n"}
{"level":30,"time":"2025-09-13T17:28:07.670Z","msg":"[app/main] MainSQL: [updateSchema(1)] success"}
{"level":30,"time":"2025-09-13T17:28:07.671Z","msg":"[app/main] MainSQL: [updateSchema(2)] success"}
{"level":30,"time":"2025-09-13T17:28:07.671Z","msg":"[app/main] MainSQL: [updateSchema(3)] success"}
{"level":30,"time":"2025-09-13T17:28:07.671Z","msg":"[app/main] MainSQL: [updateSchema(4)] success"}
{"level":30,"time":"2025-09-13T17:28:07.671Z","msg":"[app/main] MainSQL: [updateSchema(6)] success"}
{"level":30,"time":"2025-09-13T17:28:07.672Z","msg":"[app/main] MainSQL: [updateSchema(7)] success"}
{"level":30,"time":"2025-09-13T17:28:07.672Z","msg":"[app/main] MainSQL: [updateSchema(8)] success"}
{"level":30,"time":"2025-09-13T17:28:07.672Z","msg":"[app/main] MainSQL: [updateSchema(9)] success"}
{"level":30,"time":"2025-09-13T17:28:07.673Z","msg":"[app/main] MainSQL: [updateSchema(10)] success"}
{"level":30,"time":"2025-09-13T17:28:07.673Z","msg":"[app/main] MainSQL: [updateSchema(11)] success"}
{"level":30,"time":"2025-09-13T17:28:07.673Z","msg":"[app/main] MainSQL: [updateSchema(12)] success"}
{"level":30,"time":"2025-09-13T17:28:07.673Z","msg":"[app/main] MainSQL: [updateSchema(13)] success"}
{"level":30,"time":"2025-09-13T17:28:07.673Z","msg":"[app/main] MainSQL: [updateSchema(14)] success"}
{"level":30,"time":"2025-09-13T17:28:07.674Z","msg":"[app/main] MainSQL: [updateSchema(15)] success"}
{"level":30,"time":"2025-09-13T17:28:07.674Z","msg":"[app/main] MainSQL: [updateSchema(16)] success"}
{"level":30,"time":"2025-09-13T17:28:07.675Z","msg":"[app/main] MainSQL: [updateSchema(17)] success"}
{"level":30,"time":"2025-09-13T17:28:07.675Z","msg":"[app/main] MainSQL: [updateSchema(18)] success"}
{"level":30,"time":"2025-09-13T17:28:07.675Z","msg":"[app/main] MainSQL: [updateSchema(19)] success"}
{"level":30,"time":"2025-09-13T17:28:07.677Z","msg":"[app/main] MainSQL: [updateSchema(20)] success"}
{"level":30,"time":"2025-09-13T17:28:07.677Z","msg":"[app/main] MainSQL: [updateSchema(21)] success"}
{"level":30,"time":"2025-09-13T17:28:07.677Z","msg":"[app/main] MainSQL: [updateSchema(22)] success"}
{"level":30,"time":"2025-09-13T17:28:07.677Z","msg":"[app/main] MainSQL: [updateSchema(23)] success"}
{"level":30,"time":"2025-09-13T17:28:07.678Z","msg":"[app/main] MainSQL: [updateSchema(24)] success"}
{"level":30,"time":"2025-09-13T17:28:07.679Z","msg":"[app/main] MainSQL: [updateSchema(25)] success"}
{"level":30,"time":"2025-09-13T17:28:07.679Z","msg":"[app/main] MainSQL: [updateSchema(26)] success"}
{"level":30,"time":"2025-09-13T17:28:07.679Z","msg":"[app/main] MainSQL: [updateSchema(27)] success"}
{"level":30,"time":"2025-09-13T17:28:07.679Z","msg":"[app/main] MainSQL: [updateSchema(28)] success"}
{"level":30,"time":"2025-09-13T17:28:07.679Z","msg":"[app/main] MainSQL: [updateSchema(29)] success"}
{"level":30,"time":"2025-09-13T17:28:07.679Z","msg":"[app/main] MainSQL: [updateSchema(30)] success"}
{"level":30,"time":"2025-09-13T17:28:07.680Z","msg":"[app/main] MainSQL: [updateSchema(31)] success"}
{"level":30,"time":"2025-09-13T17:28:07.680Z","msg":"[app/main] MainSQL: [updateSchema(32)] success"}
{"level":30,"time":"2025-09-13T17:28:07.681Z","msg":"[app/main] MainSQL: [updateSchema(33)] success"}
{"level":30,"time":"2025-09-13T17:28:07.681Z","msg":"[app/main] MainSQL: [updateSchema(34)] success"}
{"level":30,"time":"2025-09-13T17:28:07.681Z","msg":"[app/main] MainSQL: [updateSchema(35)] success"}
{"level":30,"time":"2025-09-13T17:28:07.681Z","msg":"[app/main] MainSQL: [updateSchema(36)] success"}
{"level":30,"time":"2025-09-13T17:28:07.681Z","msg":"[app/main] MainSQL: [updateSchema(37)] success"}
{"level":30,"time":"2025-09-13T17:28:07.684Z","msg":"[app/main] MainSQL: [updateSchema(38)] success"}
{"level":30,"time":"2025-09-13T17:28:07.684Z","msg":"[app/main] MainSQL: [updateSchema(39)] success"}
{"level":30,"time":"2025-09-13T17:28:07.685Z","msg":"[app/main] MainSQL: [updateSchema(40)] success"}
{"level":30,"time":"2025-09-13T17:28:07.687Z","msg":"[app/main] MainSQL: [updateSchema(41)] success"}
{"level":30,"time":"2025-09-13T17:28:07.687Z","msg":"[app/main] MainSQL: [updateSchema(42)] success"}
{"level":30,"time":"2025-09-13T17:28:07.687Z","msg":"[app/main] MainSQL: [updateSchema(43)] About to iterate through 0 conversations"}
{"level":30,"time":"2025-09-13T17:28:07.687Z","msg":"[app/main] MainSQL: [updateSchema(43)] About to iterate through 0 messages"}
{"level":30,"time":"2025-09-13T17:28:07.687Z","msg":"[app/main] MainSQL: [updateSchema(43)] Updated 0 messages"}
{"level":30,"time":"2025-09-13T17:28:07.687Z","msg":"[app/main] MainSQL: [updateSchema(43)] success"}
{"level":30,"time":"2025-09-13T17:28:07.687Z","msg":"[app/main] MainSQL: [updateSchema(44)] success"}
{"level":30,"time":"2025-09-13T17:28:07.688Z","msg":"[app/main] MainSQL: [updateSchema(45)] success"}
{"level":30,"time":"2025-09-13T17:28:07.689Z","msg":"[app/main] MainSQL: [updateSchema(46)] success"}
{"level":30,"time":"2025-09-13T17:28:07.692Z","msg":"[app/main] MainSQL: [updateSchema(47)] our UUID not found"}
{"level":30,"time":"2025-09-13T17:28:07.692Z","msg":"[app/main] MainSQL: [updateSchema(47)] success"}
{"level":30,"time":"2025-09-13T17:28:07.692Z","msg":"[app/main] MainSQL: [updateSchema(48)] success"}
{"level":30,"time":"2025-09-13T17:28:07.692Z","msg":"[app/main] MainSQL: [updateSchema(49)] success"}
{"level":30,"time":"2025-09-13T17:28:07.692Z","msg":"[app/main] MainSQL: [updateSchema(50)] success"}
{"level":30,"time":"2025-09-13T17:28:07.692Z","msg":"[app/main] MainSQL: [updateSchema(51)] success"}
{"level":30,"time":"2025-09-13T17:28:07.692Z","msg":"[app/main] MainSQL: [updateSchema(52)] success"}
{"level":30,"time":"2025-09-13T17:28:07.692Z","msg":"[app/main] MainSQL: [updateSchema(53)] About to iterate through 0 conversations"}
{"level":30,"time":"2025-09-13T17:28:07.692Z","msg":"[app/main] MainSQL: [updateSchema(53)] Updated 0 conversations"}
{"level":30,"time":"2025-09-13T17:28:07.692Z","msg":"[app/main] MainSQL: [updateSchema(53)] success"}
{"level":30,"time":"2025-09-13T17:28:07.693Z","msg":"[app/main] MainSQL: [updateSchema(54)] success"}
{"level":30,"time":"2025-09-13T17:28:07.693Z","msg":"[app/main] MainSQL: [updateSchema(55)] success"}
{"level":30,"time":"2025-09-13T17:28:07.693Z","msg":"[app/main] MainSQL: [updateSchema(56)] success"}
{"level":30,"time":"2025-09-13T17:28:07.693Z","msg":"[app/main] MainSQL: [updateSchema(57)] success"}
{"level":30,"time":"2025-09-13T17:28:07.694Z","msg":"[app/main] MainSQL: [updateSchema(58)] success"}
{"level":30,"time":"2025-09-13T17:28:07.694Z","msg":"[app/main] MainSQL: [updateSchema(59)] success"}
{"level":30,"time":"2025-09-13T17:28:07.694Z","msg":"[app/main] MainSQL: [updateSchema(60)] success"}
{"level":30,"time":"2025-09-13T17:28:07.698Z","msg":"[app/main] MainSQL: [updateSchema(61)] success"}
{"level":30,"time":"2025-09-13T17:28:07.698Z","msg":"[app/main] MainSQL: [updateSchema(62)] success"}
{"level":30,"time":"2025-09-13T17:28:07.699Z","msg":"[app/main] MainSQL: [updateSchema(63)] success"}
{"level":30,"time":"2025-09-13T17:28:07.699Z","msg":"[app/main] MainSQL: [updateSchema(64)] success"}
{"level":30,"time":"2025-09-13T17:28:07.701Z","msg":"[app/main] MainSQL: [updateSchema(65)] success"}
{"level":30,"time":"2025-09-13T17:28:07.701Z","msg":"[app/main] MainSQL: [updateSchema(66)] success"}
{"level":30,"time":"2025-09-13T17:28:07.701Z","msg":"[app/main] MainSQL: [updateSchema(67)] success"}
{"level":30,"time":"2025-09-13T17:28:07.704Z","msg":"[app/main] MainSQL: [updateSchema(68)] success"}
{"level":30,"time":"2025-09-13T17:28:07.704Z","msg":"[app/main] MainSQL: [updateSchema(69)] success"}
{"level":30,"time":"2025-09-13T17:28:07.704Z","msg":"[app/main] MainSQL: [updateSchema(70)] success"}
{"level":30,"time":"2025-09-13T17:28:07.708Z","msg":"[app/main] MainSQL: [updateSchema(71)] success"}
{"level":30,"time":"2025-09-13T17:28:07.709Z","msg":"[app/main] MainSQL: [updateSchema(72)] success"}
{"level":30,"time":"2025-09-13T17:28:07.714Z","msg":"[app/main] MainSQL: [updateSchema(73)] success"}
{"level":30,"time":"2025-09-13T17:28:07.714Z","msg":"[app/main] MainSQL: [updateSchema(74)] success"}
{"level":30,"time":"2025-09-13T17:28:07.714Z","msg":"[app/main] MainSQL: [updateSchema(75)] success"}
{"level":30,"time":"2025-09-13T17:28:07.716Z","msg":"[app/main] MainSQL: [updateSchema(76)] success"}
{"level":30,"time":"2025-09-13T17:28:07.716Z","msg":"[app/main] MainSQL: [updateSchema(77)] success"}
{"level":30,"time":"2025-09-13T17:28:07.716Z","msg":"[app/main] MainSQL: [updateSchema(78)] success"}
{"level":30,"time":"2025-09-13T17:28:07.716Z","msg":"[app/main] MainSQL: [updateSchema(79)] success"}
{"level":30,"time":"2025-09-13T17:28:07.716Z","msg":"[app/main] MainSQL: [updateSchema(80)] success"}
{"level":30,"time":"2025-09-13T17:28:07.721Z","msg":"[app/main] MainSQL: [updateSchema(81)] success"}
{"level":30,"time":"2025-09-13T17:28:07.723Z","msg":"[app/main] MainSQL: [updateSchema(82)] success"}
{"level":30,"time":"2025-09-13T17:28:07.723Z","msg":"[app/main] MainSQL: [updateSchema(83)] success"}
{"level":30,"time":"2025-09-13T17:28:07.723Z","msg":"[app/main] MainSQL: [updateSchema(84)] success"}
{"level":30,"time":"2025-09-13T17:28:07.723Z","msg":"[app/main] MainSQL: [updateSchema(85)] success"}
{"level":30,"time":"2025-09-13T17:28:07.723Z","msg":"[app/main] MainSQL: [updateSchema(86)] success"}
{"level":30,"time":"2025-09-13T17:28:07.724Z","msg":"[app/main] MainSQL: [updateSchema(87)] (cleanup)/kyberPreKeys: Our PNI not found"}
{"level":30,"time":"2025-09-13T17:28:07.724Z","msg":"[app/main] MainSQL: [updateSchema(87)] (cleanup)/preKeys: Our PNI not found"}
{"level":30,"time":"2025-09-13T17:28:07.724Z","msg":"[app/main] MainSQL: [updateSchema(87)] (cleanup)/signedPreKeys: Our PNI not found"}
{"level":30,"time":"2025-09-13T17:28:07.724Z","msg":"[app/main] MainSQL: [updateSchema(87)] success"}
{"level":30,"time":"2025-09-13T17:28:07.747Z","msg":"[app/main] MainSQL: [updateSchema(88)] updating 0 conversations"}
{"level":30,"time":"2025-09-13T17:28:07.747Z","msg":"[app/main] MainSQL: [updateSchema(88)] Our UUID not found"}
{"level":30,"time":"2025-09-13T17:28:07.747Z","msg":"[app/main] MainSQL: [updateSchema(88)] Our PNI not found"}
{"level":30,"time":"2025-09-13T17:28:07.747Z","msg":"[app/main] MainSQL: [updateSchema(88)] updating 0 sessions"}
{"level":30,"time":"2025-09-13T17:28:07.747Z","msg":"[app/main] MainSQL: [updateSchema(88)] updating messages"}
{"level":30,"time":"2025-09-13T17:28:07.747Z","msg":"[app/main] MainSQL: [updateSchema(88)] updated 0 messages"}
{"level":30,"time":"2025-09-13T17:28:07.747Z","msg":"[app/main] MainSQL: [updateSchema(88)] updating 0 preKeys"}
{"level":30,"time":"2025-09-13T17:28:07.747Z","msg":"[app/main] MainSQL: [updateSchema(88)] updating 0 signedPreKeys"}
{"level":30,"time":"2025-09-13T17:28:07.747Z","msg":"[app/main] MainSQL: [updateSchema(88)] updating 0 kyberPreKeys"}
{"level":30,"time":"2025-09-13T17:28:07.748Z","msg":"[app/main] MainSQL: [updateSchema(88)] updated 0 jobs"}
{"level":30,"time":"2025-09-13T17:28:07.748Z","msg":"[app/main] MainSQL: [updateSchema(88)] success"}
{"level":30,"time":"2025-09-13T17:28:07.752Z","msg":"[app/main] MainSQL: [updateSchema(89)] success"}
{"level":30,"time":"2025-09-13T17:28:07.752Z","msg":"[app/main] MainSQL: [updateSchema(90)] removed screenshotData from 0 message"}
{"level":30,"time":"2025-09-13T17:28:07.752Z","msg":"[app/main] MainSQL: [updateSchema(90)] success"}
{"level":30,"time":"2025-09-13T17:28:07.757Z","msg":"[app/main] MainSQL: [updateSchema(91)] Found 0 keys"}
{"level":30,"time":"2025-09-13T17:28:07.757Z","msg":"[app/main] MainSQL: [updateSchema(91)] success"}
{"level":30,"time":"2025-09-13T17:28:07.758Z","msg":"[app/main] MainSQL: [updateSchema(920)] kyberPreKeys: Our PNI not found"}
{"level":30,"time":"2025-09-13T17:28:07.758Z","msg":"[app/main] MainSQL: [updateSchema(920)] signedPreKeys: Our PNI not found"}
{"level":30,"time":"2025-09-13T17:28:07.758Z","msg":"[app/main] MainSQL: [updateSchema(920)] Done with deletions, starting vacuum..."}
{"level":30,"time":"2025-09-13T17:28:07.758Z","msg":"[app/main] MainSQL: [updateSchema(920)] success, needs vacuum"}
{"level":30,"time":"2025-09-13T17:28:07.766Z","msg":"[app/main] MainSQL: running vacuum"}
{"level":30,"time":"2025-09-13T17:28:07.777Z","msg":"[app/main] MainSQL: done running vacuum"}
{"level":30,"time":"2025-09-13T17:28:07.777Z","msg":"[app/main] MainSQL: [updateSchema(930)] success"}
{"level":30,"time":"2025-09-13T17:28:07.777Z","msg":"[app/main] MainSQL: [updateSchema(940)] success"}
{"level":30,"time":"2025-09-13T17:28:07.777Z","msg":"[app/main] MainSQL: [updateSchema(950)] success"}
{"level":30,"time":"2025-09-13T17:28:07.778Z","msg":"[app/main] MainSQL: [updateSchema(960)] Our ACI not found"}
{"level":30,"time":"2025-09-13T17:28:07.778Z","msg":"[app/main] MainSQL: [updateSchema(960)] not running, pni is normalized"}
{"level":30,"time":"2025-09-13T17:28:07.778Z","msg":"[app/main] MainSQL: [updateSchema(960)] success"}
{"level":30,"time":"2025-09-13T17:28:07.778Z","msg":"[app/main] MainSQL: [updateSchema(970)] success"}
{"level":30,"time":"2025-09-13T17:28:07.778Z","msg":"[app/main] MainSQL: [updateSchema(980)] success"}
{"level":30,"time":"2025-09-13T17:28:07.778Z","msg":"[app/main] MainSQL: [updateSchema(990)] success"}
{"level":30,"time":"2025-09-13T17:28:07.778Z","msg":"[app/main] MainSQL: [updateSchema(1000)] success"}
{"level":30,"time":"2025-09-13T17:28:07.778Z","msg":"[app/main] MainSQL: [updateSchema(1010)] success"}
{"level":30,"time":"2025-09-13T17:28:07.778Z","msg":"[app/main] MainSQL: [updateSchema(1020)] not linked"}
{"level":30,"time":"2025-09-13T17:28:07.778Z","msg":"[app/main] MainSQL: [updateSchema(1020)] success"}
{"level":30,"time":"2025-09-13T17:28:07.783Z","msg":"[app/main] MainSQL: [updateSchema(1030)] success"}
{"level":30,"time":"2025-09-13T17:28:07.783Z","msg":"[app/main] MainSQL: [updateSchema(1040)] loaded 0 existing jobs"}
{"level":30,"time":"2025-09-13T17:28:07.784Z","msg":"[app/main] MainSQL: [updateSchema(1040)] transferred 0 rows, removed 0"}
{"level":30,"time":"2025-09-13T17:28:07.784Z","msg":"[app/main] MainSQL: [updateSchema(1040)] success"}
{"level":30,"time":"2025-09-13T17:28:07.784Z","msg":"[app/main] MainSQL: [updateSchema(1050)] success"}
{"level":30,"time":"2025-09-13T17:28:07.784Z","msg":"[app/main] MainSQL: [updateSchema(1060)] success"}
{"level":30,"time":"2025-09-13T17:28:07.785Z","msg":"[app/main] MainSQL: [updateSchema(1070)] success"}
{"level":30,"time":"2025-09-13T17:28:07.785Z","msg":"[app/main] MainSQL: [updateSchema(1080)] success"}
{"level":30,"time":"2025-09-13T17:28:07.785Z","msg":"[app/main] MainSQL: [updateSchema(1090)] success"}
{"level":30,"time":"2025-09-13T17:28:07.785Z","msg":"[app/main] MainSQL: [updateSchema(1100)] success"}
{"level":30,"time":"2025-09-13T17:28:07.786Z","msg":"[app/main] MainSQL: [updateSchema(1110)] success"}
{"level":30,"time":"2025-09-13T17:28:07.786Z","msg":"[app/main] MainSQL: [updateSchema(1120)] success"}
{"level":30,"time":"2025-09-13T17:28:07.786Z","msg":"[app/main] MainSQL: [updateSchema(1130)] success"}
{"level":30,"time":"2025-09-13T17:28:07.787Z","msg":"[app/main] MainSQL: [updateSchema(1140)] success"}
{"level":30,"time":"2025-09-13T17:28:07.787Z","msg":"[app/main] MainSQL: [updateSchema(1150)] success"}
{"level":30,"time":"2025-09-13T17:28:07.787Z","msg":"[app/main] MainSQL: [updateSchema(1160)] success"}
{"level":30,"time":"2025-09-13T17:28:07.787Z","msg":"[app/main] MainSQL: [updateSchema(1170)] success"}
{"level":30,"time":"2025-09-13T17:28:07.788Z","msg":"[app/main] MainSQL: [updateSchema(1180)] success"}
{"level":30,"time":"2025-09-13T17:28:07.791Z","msg":"[app/main] MainSQL: [updateSchema(1190)] success"}
{"level":30,"time":"2025-09-13T17:28:07.791Z","msg":"[app/main] MainSQL: [updateSchema(1200)] success"}
{"level":30,"time":"2025-09-13T17:28:07.792Z","msg":"[app/main] MainSQL: [updateSchema(1210)] success"}
{"level":30,"time":"2025-09-13T17:28:07.793Z","msg":"[app/main] MainSQL: [updateSchema(1220)] no identity/registration id"}
{"level":30,"time":"2025-09-13T17:28:07.793Z","msg":"[app/main] MainSQL: [updateSchema(1220)] success"}
{"level":30,"time":"2025-09-13T17:28:07.793Z","msg":"[app/main] MainSQL: [updateSchema(1230)] success"}
{"level":30,"time":"2025-09-13T17:28:07.793Z","msg":"[app/main] MainSQL: [updateSchema(1240)] success"}
{"level":30,"time":"2025-09-13T17:28:07.795Z","msg":"[app/main] MainSQL: [updateSchema(1250)] success"}
{"level":30,"time":"2025-09-13T17:28:07.795Z","msg":"[app/main] MainSQL: [updateSchema(1260)] success"}
{"level":30,"time":"2025-09-13T17:28:07.802Z","msg":"[app/main] MainSQL: [updateSchema(1270)] success"}
{"level":30,"time":"2025-09-13T17:28:07.802Z","msg":"[app/main] MainSQL: [updateSchema(1280)] success"}
{"level":30,"time":"2025-09-13T17:28:07.806Z","msg":"[app/main] MainSQL: [updateSchema(1290)] success"}
{"level":30,"time":"2025-09-13T17:28:07.807Z","msg":"[app/main] MainSQL: [updateSchema(1300)] success"}
{"level":30,"time":"2025-09-13T17:28:07.807Z","msg":"[app/main] MainSQL: [updateSchema(1310)] success"}
{"level":30,"time":"2025-09-13T17:28:07.808Z","msg":"[app/main] MainSQL: [updateSchema(1320)] success"}
{"level":30,"time":"2025-09-13T17:28:07.808Z","msg":"[app/main] MainSQL: [updateSchema(1330)] success"}
{"level":30,"time":"2025-09-13T17:28:07.808Z","msg":"[app/main] MainSQL: [updateSchema(1340)] success"}
{"level":30,"time":"2025-09-13T17:28:07.808Z","msg":"[app/main] MainSQL: [updateSchema(1350)] success"}
{"level":30,"time":"2025-09-13T17:28:07.808Z","msg":"[app/main] MainSQL: [updateSchema(1360)] success"}
{"level":30,"time":"2025-09-13T17:28:07.808Z","msg":"[app/main] MainSQL: [updateSchema(1370)] success"}
{"level":30,"time":"2025-09-13T17:28:07.808Z","msg":"[app/main] MainSQL: [updateSchema(1380)] success"}
{"level":30,"time":"2025-09-13T17:28:07.823Z","msg":"[app/main] MainSQL: [updateSchema(1390)] success"}
{"level":30,"time":"2025-09-13T17:28:07.827Z","msg":"[app/main] MainSQL: [updateSchema(1400)] success"}
{"level":30,"time":"2025-09-13T17:28:07.827Z","msg":"[app/main] MainSQL: [updateSchema(1410)] success"}
{"level":30,"time":"2025-09-13T17:28:07.827Z","msg":"[app/main] MainSQL: [updateSchema(1420)] success"}
{"level":30,"time":"2025-09-13T17:28:07.828Z","msg":"[app/main] MainSQL: [updateSchema(1430)] success"}
{"level":30,"time":"2025-09-13T17:28:07.829Z","msg":"[app/main] MainSQL: [updateSchema(1440)] success"}
{"level":30,"time":"2025-09-13T17:28:07.836Z","msg":"[app/main] MainSQL: enableFTS5SecureDelete: enabling"}
{"level":30,"time":"2025-09-13T17:28:07.857Z","msg":"[app/main] MainSQL: updateSchema: optimize took 10ms"}
{"level":30,"time":"2025-09-13T17:28:07.972Z","msg":"[app/main] spellcheck: dictionary download success: en"}
{"level":30,"time":"2025-09-13T17:28:07.973Z","msg":"[app/main] spellcheck: dictionary initialized: en"}
{"level":30,"time":"2025-09-13T17:28:07.975Z","msg":"[app/main] spellcheck: dictionary download success: en-US"}
{"level":30,"time":"2025-09-13T17:28:07.976Z","msg":"[app/main] spellcheck: dictionary initialized: en-US"}
{"level":30,"time":"2025-09-13T17:28:08.142Z","msg":"[app/main] Updating BrowserWindow config: {\"maximized\":false,\"autoHideMenuBar\":false,\"fullscreen\":false,\"width\":800,\"height\":610,\"x\":560,\"y\":235}"}
{"level":30,"time":"2025-09-13T17:28:08.142Z","msg":"[base_config] config/set: Saving ephemeral config to disk"}
{"level":30,"time":"2025-09-13T17:28:08.156Z","msg":"[base_config] config/set: Saved ephemeral config to disk"}
{"level":30,"time":"2025-09-13T17:28:08.172Z","msg":"[app/main] got fast theme-setting value system"}
{"level":30,"time":"2025-09-13T17:28:08.723Z","msg":"[app/main] main window webContents did-finish-load"}
{"level":30,"time":"2025-09-13T17:28:08.723Z","msg":"[app/main] showing main window"}
{"level":30,"time":"2025-09-13T17:28:08.730Z","msg":"[SystemTrayService] System tray service: created"}
{"level":30,"time":"2025-09-13T17:28:08.730Z","msg":"[SystemTrayService] System tray service: updating main window. Previously, there was not a window, and now there is"}
{"level":30,"time":"2025-09-13T17:28:08.730Z","msg":"[SystemTrayService] System tray service: rendering no tray"}
{"level":30,"time":"2025-09-13T17:28:08.730Z","msg":"[app/main] Begin ensuring permissions"}
{"level":30,"time":"2025-09-13T17:28:08.732Z","msg":"[app/main] Ensuring file permissions for 4 files"}
{"level":30,"time":"2025-09-13T17:28:08.733Z","msg":"[app/main] Finish ensuring permissions in 3ms"}
{"level":30,"time":"2025-09-13T17:28:08.848Z","msg":"[attachments] deleteAllBadges: deleted 0 files"}
{"level":30,"time":"2025-09-13T17:28:08.849Z","msg":"[app/main] MainSQL: removeKnownStickers: About to iterate through 0 stickers"}
{"level":30,"time":"2025-09-13T17:28:08.849Z","msg":"[app/main] MainSQL: removeKnownStickers: Done processing 0 stickers"}
{"level":30,"time":"2025-09-13T17:28:08.849Z","msg":"[attachments] deleteAllStickers: deleted 0 files"}
{"level":30,"time":"2025-09-13T17:28:08.850Z","msg":"[app/main] MainSQL: removeKnownDraftAttachments: About to iterate through 0 conversations"}
{"level":30,"time":"2025-09-13T17:28:08.850Z","msg":"[app/main] MainSQL: removeKnownDraftAttachments: Done processing 0 conversations"}
{"level":30,"time":"2025-09-13T17:28:08.850Z","msg":"[attachments] deleteAllDraftAttachments: deleted 0 files"}
{"level":30,"time":"2025-09-13T17:28:08.850Z","msg":"[attachment_channel] cleanupOrphanedAttachments: found 0 attachments on disk"}
{"level":30,"time":"2025-09-13T17:28:08.850Z","msg":"[attachment_channel] cleanupOrphanedAttachments: found 0 downloads on disk"}
{"level":30,"time":"2025-09-13T17:28:08.851Z","msg":"[app/main] MainSQL: getKnownConversationAttachments: About to iterate through 0"}
{"level":30,"time":"2025-09-13T17:28:08.851Z","msg":"[app/main] MainSQL: getKnownConversationAttachments: Done processing"}
{"level":30,"time":"2025-09-13T17:28:08.851Z","msg":"[attachment_channel] cleanupOrphanedAttachments: Got 0 conversation attachments, 0 remain"}
{"level":30,"time":"2025-09-13T17:28:08.851Z","msg":"[attachment_channel] cleanupOrphanedAttachments: found 0 known downloads, 0 remain"}
{"level":30,"time":"2025-09-13T17:28:08.851Z","msg":"[attachment_channel] cleanupOrphanedAttachments: took 4ms"}
{"level":30,"time":"2025-09-13T17:28:08.852Z","msg":"[app/main] MainSQL: pageMessages(dd7630594c98643f): Starting iteration through 0 messages"}
{"level":30,"time":"2025-09-13T17:28:08.903Z","msg":"[app/main] MainSQL: finishPageMessages(dd7630594c98643f): reached the end after processing 0 messages"}
{"level":30,"time":"2025-09-13T17:28:08.903Z","msg":"[attachment_channel] cleanupOrphanedAttachments:  0 message attachments; 0 remain"}
{"level":30,"time":"2025-09-13T17:28:08.903Z","msg":"[attachments] deleteAll: deleted 0 files"}
{"level":30,"time":"2025-09-13T17:28:08.903Z","msg":"[attachment_channel] cleanupOrphanedAttachments: found 0 downloads 0 remain"}
{"level":30,"time":"2025-09-13T17:28:08.903Z","msg":"[attachments] deleteAllDownloads: deleted 0 files"}
{"level":30,"time":"2025-09-13T17:28:08.903Z","msg":"[attachment_channel] deleteOrphanedAttachments: took 52ms"}
{"level":30,"time":"2025-09-13T17:28:08.931Z","msg":"[PreventDisplaySleepService] Prevent display sleep service: allowing display sleep"}
{"level":30,"time":"2025-09-13T17:28:08.980Z","msg":"[createHTTPSAgent] createHTTPSAgent.createConnection(updates2.signal.org): connected to IPv4 addr after 33ms (attempts v4=1 v6=0)"}
{"level":30,"time":"2025-09-13T17:28:09.235Z","msg":"[app/main] Updating BrowserWindow config: {\"maximized\":true,\"autoHideMenuBar\":false,\"fullscreen\":false,\"width\":1880,\"height\":1010,\"x\":20,\"y\":50}"}
{"level":30,"time":"2025-09-13T17:28:09.236Z","msg":"[base_config] config/set: Saving ephemeral config to disk"}
{"level":30,"time":"2025-09-13T17:28:09.249Z","msg":"[base_config] config/set: Saved ephemeral config to disk"}
{"level":30,"time":"2025-09-13T17:33:51.872Z","msg":"[app/main] close event {\"readyForShutdown\":false,\"shouldQuit\":false}"}
{"level":30,"time":"2025-09-13T17:33:51.873Z","msg":"[app/main] maybeRequestCloseConfirmation: Checking to see if close confirmation is needed"}
{"level":30,"time":"2025-09-13T17:33:51.873Z","msg":"[app/main] maybeRequestCloseConfirmation: Response received"}
{"level":30,"time":"2025-09-13T17:33:51.874Z","msg":"[SystemTrayService] System tray service: rendering no tray"}
{"level":30,"time":"2025-09-13T17:33:51.874Z","msg":"[app/main] requestShutdown: Requesting close of mainWindow..."}
{"level":30,"time":"2025-09-13T17:33:51.878Z","msg":"[app/main] requestShutdown: Response received"}
{"level":30,"time":"2025-09-13T17:33:51.906Z","msg":"[app/main] before-quit event {\"readyForShutdown\":true,\"shouldQuit\":false,\"hasEventBeenPrevented\":false,\"windowCount\":1,\"mainWindowExists\":true,\"mainWindowIsFullScreen\":false}"}
{"level":30,"time":"2025-09-13T17:33:51.906Z","msg":"[SystemTrayService] System tray service: markShouldQuit"}
{"level":30,"time":"2025-09-13T17:33:51.906Z","msg":"[app/main] close event {\"readyForShutdown\":true,\"shouldQuit\":true}"}
{"level":30,"time":"2025-09-13T17:33:51.910Z","msg":"[app/main] main window closed event"}
{"level":30,"time":"2025-09-13T17:33:51.910Z","msg":"[SystemTrayService] System tray service: updating main window. Previously, there was a window, and now there is not"}
{"level":30,"time":"2025-09-13T17:33:51.910Z","msg":"[SystemTrayService] System tray service: rendering no tray"}
{"level":30,"time":"2025-09-13T17:33:51.910Z","msg":"[app/main] will-quit event {\"hasEventBeenPrevented\":false,\"windowCount\":0,\"mainWindowExists\":false}"}
{"level":30,"time":"2025-09-13T17:33:51.910Z","msg":"[app/main] quit event {\"hasEventBeenPrevented\":false,\"windowCount\":0,\"mainWindowExists\":false}"}
{"level":30,"time":"2025-09-13T18:49:26.996Z","msg":"[startup_config] Set Windows Application User Model ID (AUMID) {\"AUMID\":\"org.whispersystems.signal-desktop\"}"}
{"level":30,"time":"2025-09-13T18:49:27.011Z","msg":"[base_config] config/get: Successfully read user config file"}
{"level":30,"time":"2025-09-13T18:49:27.067Z","msg":"[base_config] config/get: Successfully read ephemeral config file"}
{"level":30,"time":"2025-09-13T18:49:27.106Z","msg":"[app/main] making app single instance"}
{"level":30,"time":"2025-09-13T18:49:27.312Z","msg":"[app/main] got fast localeOverride setting null"}
{"level":30,"time":"2025-09-13T18:49:27.313Z","msg":"[app/main] app.ready: hour cycle preference: UnknownPreference"}
{"level":30,"time":"2025-09-13T18:49:27.313Z","msg":"[app/main] app.ready: preferred system locales: [\"en-US\",\"en\"]"}
{"level":30,"time":"2025-09-13T18:49:27.313Z","msg":"[app/main] locale: Supported locales: af-ZA, ar, az-AZ, bg-BG, bn-BD, bs-BA, ca, cs, da, de, el, en, es, et-EE, eu, fa-IR, fi, fr, ga-IE, gl-ES, gu-IN, he, hi-IN, hr-HR, hu, id, it, ja, ka-GE, kk-KZ, km-KH, kn-IN, ko, ky-KG, lt-LT, lv-LV, mk-MK, ml-IN, mr-IN, ms, my, nb, nl, pa-IN, pl, pt-BR, pt-PT, ro-RO, ru, sk-SK, sl-SI, sq-AL, sr, sv, sw, ta-IN, te-IN, th, tl-PH, tr, ug, uk-UA, ur, vi, yue, zh-CN, zh-HK, zh-Hant"}
{"level":30,"time":"2025-09-13T18:49:27.313Z","msg":"[app/main] locale: Preferred locales: en-US, en"}
{"level":30,"time":"2025-09-13T18:49:27.313Z","msg":"[app/main] locale: Locale Override: null"}
{"level":30,"time":"2025-09-13T18:49:27.315Z","msg":"[app/main] locale: Matched locale: en"}
{"level":40,"time":"2025-09-13T18:49:27.331Z","msg":"[setupI18nMain] intl.onWarn [@formatjs/intl] \"defaultRichTextElements\" was specified but \"message\" was not pre-compiled. \nPlease consider using \"@formatjs/cli\" to pre-compile your messages for performance.\nFor more details see https://formatjs.github.io/docs/getting-started/message-distribution"}
{"level":30,"time":"2025-09-13T18:49:27.332Z","msg":"[app/main] locale: Text info direction for en: ltr"}
{"level":30,"time":"2025-09-13T18:49:27.332Z","msg":"[app/main] getSQLKey: using legacy key"}
{"level":30,"time":"2025-09-13T18:49:27.333Z","msg":"[SystemTraySettingCache] getSystemTraySetting got value DoNotUseSystemTray"}
{"level":30,"time":"2025-09-13T18:49:27.333Z","msg":"[SystemTraySettingCache] getSystemTraySetting returning DoNotUseSystemTray"}
{"level":30,"time":"2025-09-13T18:49:27.333Z","msg":"[app/main] app ready"}
{"level":30,"time":"2025-09-13T18:49:27.333Z","msg":"[app/main] starting version 7.70.0"}
{"level":30,"time":"2025-09-13T18:49:27.333Z","msg":"[app/main] media access status [object Undefined] [object Undefined] [object Undefined]"}
{"level":30,"time":"2025-09-13T18:49:27.335Z","msg":"[app/main] got fast theme-setting value system"}
{"level":30,"time":"2025-09-13T18:49:27.342Z","msg":"[app/main] got fast spellcheck setting true"}
{"level":30,"time":"2025-09-13T18:49:27.342Z","msg":"[app/main] got fast theme-setting value system"}
{"level":30,"time":"2025-09-13T18:49:27.342Z","msg":"[app/main] got fast spellcheck setting true"}
{"level":30,"time":"2025-09-13T18:49:27.343Z","msg":"[app/main] visibleOnAnyScreen(window): x=20, y=50, width=1880, height=1010"}
{"level":30,"time":"2025-09-13T18:49:27.343Z","msg":"[app/main] visibleOnAnyScreen(display #33): x=0, y=0, width=1920, height=1080"}
{"level":30,"time":"2025-09-13T18:49:27.343Z","msg":"[app/main] Initializing BrowserWindow config: {\"show\":false,\"width\":1880,\"height\":1010,\"minWidth\":300,\"minHeight\":200,\"autoHideMenuBar\":false,\"titleBarStyle\":\"default\",\"backgroundColor\":\"#121212\",\"webPreferences\":{\"devTools\":false,\"spellcheck\":true,\"enablePreferredSizeMode\":true,\"nodeIntegration\":false,\"nodeIntegrationInWorker\":false,\"sandbox\":false,\"contextIsolation\":true,\"preload\":\"[REDACTED]/preload.wrapper.js\"},\"icon\":\"[REDACTED]/images/signal-logo-desktop-linux.png\",\"x\":20,\"y\":50}"}
{"level":30,"time":"2025-09-13T18:49:27.382Z","msg":"[spell_check] spellcheck: user locales: [\"en-US\",\"en\"]"}
{"level":30,"time":"2025-09-13T18:49:27.382Z","msg":"[spell_check] spellcheck: available spellchecker languages: [\"af\",\"bg\",\"ca\",\"cs\",\"cy\",\"da\",\"de\",\"de-DE\",\"el\",\"en\",\"en-AU\",\"en-CA\",\"en-GB\",\"en-GB-oxendict\",\"en-US\",\"es\",\"es-419\",\"es-AR\",\"es-ES\",\"es-MX\",\"es-US\",\"et\",\"fa\",\"fo\",\"fr\",\"fr-FR\",\"he\",\"hi\",\"hr\",\"hu\",\"hy\",\"id\",\"it\",\"it-IT\",\"ko\",\"lt\",\"lv\",\"nb\",\"nl\",\"pl\",\"pt\",\"pt-BR\",\"pt-PT\",\"ro\",\"ru\",\"sh\",\"sk\",\"sl\",\"sq\",\"sr\",\"sv\",\"ta\",\"tg\",\"tr\",\"uk\",\"vi\"]"}
{"level":30,"time":"2025-09-13T18:49:27.382Z","msg":"[spell_check] spellcheck: setting languages to: [\"en-US\",\"en\"]"}
{"level":30,"time":"2025-09-13T18:49:27.512Z","msg":"[app/main] MainSQL: updateSchema:\n  Current user_version: 1440;\n  Most recent db schema: 1440;\n  SQLite version: 3.50.4;\n  SQLCipher version: 4.10.0 community;\n  (deprecated) schema_version: 560;\n"}
{"level":30,"time":"2025-09-13T18:49:27.848Z","msg":"[app/main] got fast theme-setting value system"}
{"level":30,"time":"2025-09-13T18:49:27.886Z","msg":"[app/main] Updating BrowserWindow config: {\"maximized\":true,\"autoHideMenuBar\":false,\"fullscreen\":false,\"width\":1880,\"height\":1010,\"x\":20,\"y\":50}"}
{"level":30,"time":"2025-09-13T18:49:27.887Z","msg":"[base_config] config/set: Saving ephemeral config to disk"}
{"level":30,"time":"2025-09-13T18:49:27.908Z","msg":"[base_config] config/set: Saved ephemeral config to disk"}
{"level":30,"time":"2025-09-13T18:49:28.311Z","msg":"[app/main] main window webContents did-finish-load"}
{"level":30,"time":"2025-09-13T18:49:28.312Z","msg":"[app/main] showing main window"}
{"level":30,"time":"2025-09-13T18:49:28.317Z","msg":"[SystemTrayService] System tray service: created"}
{"level":30,"time":"2025-09-13T18:49:28.317Z","msg":"[SystemTrayService] System tray service: updating main window. Previously, there was not a window, and now there is"}
{"level":30,"time":"2025-09-13T18:49:28.317Z","msg":"[SystemTrayService] System tray service: rendering no tray"}
{"level":30,"time":"2025-09-13T18:49:28.317Z","msg":"[app/main] Begin ensuring permissions"}
{"level":30,"time":"2025-09-13T18:49:28.318Z","msg":"[app/main] Ensuring file permissions for 4 files"}
{"level":30,"time":"2025-09-13T18:49:28.319Z","msg":"[app/main] Finish ensuring permissions in 2ms"}
{"level":30,"time":"2025-09-13T18:49:28.423Z","msg":"[PreventDisplaySleepService] Prevent display sleep service: allowing display sleep"}
{"level":40,"time":"2025-09-13T18:49:28.425Z","msg":"[OptionalResourceService] loaded emoji-index-en.json from disk"}
{"level":30,"time":"2025-09-13T18:49:30.239Z","msg":"[app/main] close event {\"readyForShutdown\":false,\"shouldQuit\":false}"}
{"level":30,"time":"2025-09-13T18:49:30.239Z","msg":"[app/main] maybeRequestCloseConfirmation: Checking to see if close confirmation is needed"}
{"level":30,"time":"2025-09-13T18:49:30.240Z","msg":"[app/main] maybeRequestCloseConfirmation: Response received"}
{"level":30,"time":"2025-09-13T18:49:30.241Z","msg":"[SystemTrayService] System tray service: rendering no tray"}
{"level":30,"time":"2025-09-13T18:49:30.241Z","msg":"[app/main] requestShutdown: Requesting close of mainWindow..."}
{"level":30,"time":"2025-09-13T18:49:30.245Z","msg":"[app/main] requestShutdown: Response received"}
{"level":30,"time":"2025-09-13T18:49:30.269Z","msg":"[app/main] before-quit event {\"readyForShutdown\":true,\"shouldQuit\":false,\"hasEventBeenPrevented\":false,\"windowCount\":1,\"mainWindowExists\":true,\"mainWindowIsFullScreen\":false}"}
{"level":30,"time":"2025-09-13T18:49:30.269Z","msg":"[SystemTrayService] System tray service: markShouldQuit"}
{"level":30,"time":"2025-09-13T18:49:30.269Z","msg":"[app/main] close event {\"readyForShutdown\":true,\"shouldQuit\":true}"}
{"level":30,"time":"2025-09-13T18:49:30.272Z","msg":"[app/main] main window closed event"}
{"level":30,"time":"2025-09-13T18:49:30.272Z","msg":"[SystemTrayService] System tray service: updating main window. Previously, there was a window, and now there is not"}
{"level":30,"time":"2025-09-13T18:49:30.272Z","msg":"[SystemTrayService] System tray service: rendering no tray"}
{"level":30,"time":"2025-09-13T18:49:30.272Z","msg":"[app/main] will-quit event {\"hasEventBeenPrevented\":false,\"windowCount\":0,\"mainWindowExists\":false}"}
{"level":30,"time":"2025-09-13T18:49:30.273Z","msg":"[app/main] quit event {\"hasEventBeenPrevented\":false,\"windowCount\":0,\"mainWindowExists\":false}"}
